<?xml version="1.0" encoding="UTF-8"?>
<!-- Generated by org.testng.reporters.JUnitReportReporter -->
<testsuite skipped="0" hostname="Akash" name="com.qatest.testcases.SignInPageTest" tests="1" failures="0" timestamp="02 Feb 2019 10:04:54 GMT" time="25.869" errors="0">
  <testcase name="verify_email_field_test" time="25.869" classname="com.qatest.testcases.SignInPageTest"/>
</testsuite> <!-- com.qatest.testcases.SignInPageTest -->
