<?xml version="1.0" encoding="UTF-8"?>
<!-- Generated by org.testng.reporters.JUnitReportReporter -->
<testsuite skipped="0" hostname="Akash" name="com.qatest.testcases.HomepageTest" tests="3" failures="0" timestamp="02 Feb 2019 10:04:54 GMT" time="93.082" errors="0">
  <testcase name="verifyHomepage" time="37.024" classname="com.qatest.testcases.HomepageTest"/>
  <testcase name="signInLinkTest" time="27.812" classname="com.qatest.testcases.HomepageTest"/>
  <testcase name="contactsUsLinkTest" time="28.246" classname="com.qatest.testcases.HomepageTest"/>
</testsuite> <!-- com.qatest.testcases.HomepageTest -->
