<?xml version="1.0" encoding="UTF-8"?>
<!-- Generated by org.testng.reporters.JUnitReportReporter -->
<testsuite skipped="0" hostname="Akash" name="com.qatest.testcases.Test1" tests="1" failures="0" timestamp="09 Dec 2018 17:07:39 GMT" time="39.325" errors="0">
  <testcase name="test1" time="39.325" classname="com.qatest.testcases.Test1"/>
</testsuite> <!-- com.qatest.testcases.Test1 -->
